[2021-10-31 22:16:15 +01:00] [info] [thread 15976] [main] Scissio main
[2021-10-31 22:16:15 +01:00] [info] [thread 23028] [Application] Initializing resource managers
[2021-10-31 22:16:15 +01:00] [info] [thread 23028] [Application] Loading mods
[2021-10-31 22:16:15 +01:00] [info] [thread 23028] [ModManager] Loading mod from dir: 'C:\Projects\scissio\assets'
[2021-10-31 22:16:15 +01:00] [info] [thread 23028] [ModManager] Loading assets for: 'Scissio Core Mod'
[2021-10-31 22:16:15 +01:00] [debug] [thread 23028] [AssetManager] Adding asset 'Scissio Core Mod/iosevka-aile'
[2021-10-31 22:16:15 +01:00] [debug] [thread 23028] [AssetManager] Adding asset 'Scissio Core Mod/iosevka-aile-bold'
[2021-10-31 22:16:15 +01:00] [debug] [thread 23028] [AssetManager] Adding asset 'Scissio Core Mod/iosevka-aile-bolditalic'
[2021-10-31 22:16:15 +01:00] [debug] [thread 23028] [AssetManager] Adding asset 'Scissio Core Mod/iosevka-aile-light'
[2021-10-31 22:16:15 +01:00] [debug] [thread 23028] [AssetManager] Adding asset 'Scissio Core Mod/iosevka-aile-lightitalic'
[2021-10-31 22:16:15 +01:00] [debug] [thread 23028] [AssetManager] Adding asset 'Scissio Core Mod/iosevka-aile-regular'
[2021-10-31 22:16:15 +01:00] [debug] [thread 23028] [AssetManager] Adding asset 'Scissio Core Mod/iosevka-aile-regularitalic'
[2021-10-31 22:16:15 +01:00] [debug] [thread 23028] [AssetManager] Adding asset 'Scissio Core Mod/iosevka-aile-semibold'
[2021-10-31 22:16:15 +01:00] [debug] [thread 23028] [AssetManager] Adding asset 'Scissio Core Mod/iosevka-aile-semibolditalic'
[2021-10-31 22:16:15 +01:00] [debug] [thread 23028] [AssetManager] Adding asset 'Scissio Core Mod/iosevka-aile-thin'
[2021-10-31 22:16:15 +01:00] [debug] [thread 23028] [AssetManager] Adding asset 'Scissio Core Mod/iosevka-aile-thinitalic'
[2021-10-31 22:16:15 +01:00] [debug] [thread 23028] [AssetManager] Adding asset 'Scissio Core Mod/model_asteroid_01_a'
[2021-10-31 22:16:15 +01:00] [debug] [thread 23028] [AssetManager] Adding asset 'Scissio Core Mod/model_asteroid_01_b'
[2021-10-31 22:16:15 +01:00] [debug] [thread 23028] [AssetManager] Adding asset 'Scissio Core Mod/model_asteroid_01_c'
[2021-10-31 22:16:15 +01:00] [debug] [thread 23028] [AssetManager] Adding asset 'Scissio Core Mod/model_asteroid_01_d'
[2021-10-31 22:16:15 +01:00] [debug] [thread 23028] [AssetManager] Adding asset 'Scissio Core Mod/model_asteroid_01_e'
[2021-10-31 22:16:15 +01:00] [debug] [thread 23028] [AssetManager] Adding asset 'Scissio Core Mod/model_asteroid_01_f'
[2021-10-31 22:16:15 +01:00] [debug] [thread 23028] [AssetManager] Adding asset 'Scissio Core Mod/model_asteroid_01_g'
[2021-10-31 22:16:15 +01:00] [debug] [thread 23028] [AssetManager] Adding asset 'Scissio Core Mod/model_asteroid_01_h'
[2021-10-31 22:16:15 +01:00] [debug] [thread 23028] [AssetManager] Adding asset 'Scissio Core Mod/model_block_01_corner'
[2021-10-31 22:16:15 +01:00] [debug] [thread 23028] [AssetManager] Adding asset 'Scissio Core Mod/model_block_01_cube'
[2021-10-31 22:16:15 +01:00] [debug] [thread 23028] [AssetManager] Adding asset 'Scissio Core Mod/model_block_01_hepta'
[2021-10-31 22:16:15 +01:00] [debug] [thread 23028] [AssetManager] Adding asset 'Scissio Core Mod/model_block_01_tetra'
[2021-10-31 22:16:15 +01:00] [debug] [thread 23028] [AssetManager] Adding asset 'Scissio Core Mod/model_block_01_wedge'
[2021-10-31 22:16:15 +01:00] [debug] [thread 23028] [AssetManager] Adding asset 'Scissio Core Mod/model_engine_01'
[2021-10-31 22:16:15 +01:00] [debug] [thread 23028] [AssetManager] Adding asset 'Scissio Core Mod/model_engine_02'
[2021-10-31 22:16:15 +01:00] [debug] [thread 23028] [AssetManager] Adding asset 'Scissio Core Mod/model_engine_03'
[2021-10-31 22:16:15 +01:00] [debug] [thread 23028] [AssetManager] Adding asset 'Scissio Core Mod/star_dust'
[2021-10-31 22:16:15 +01:00] [debug] [thread 23028] [AssetManager] Adding asset 'Scissio Core Mod/star_flare'
[2021-10-31 22:16:15 +01:00] [debug] [thread 15976] [AssetManager] Loading asset 'Scissio Core Mod/model_block_01_tetra'
[2021-10-31 22:16:15 +01:00] [debug] [thread 15976] [AssetManager] Adding asset 'Scissio Core Mod/model_block_01_diff'
[2021-10-31 22:16:15 +01:00] [debug] [thread 15976] [AssetManager] Adding asset 'Scissio Core Mod/model_block_01_norm'
[2021-10-31 22:16:16 +01:00] [debug] [thread 15976] [AssetManager] Adding asset 'Scissio Core Mod/model_block_01_meta'
[2021-10-31 22:16:16 +01:00] [debug] [thread 15976] [AssetManager] Loading asset 'Scissio Core Mod/model_asteroid_01_b'
[2021-10-31 22:16:16 +01:00] [debug] [thread 15976] [AssetManager] Adding asset 'Scissio Core Mod/model_asteroid_01_diff'
[2021-10-31 22:16:16 +01:00] [debug] [thread 15976] [AssetManager] Adding asset 'Scissio Core Mod/model_asteroid_01_norm'
[2021-10-31 22:16:16 +01:00] [debug] [thread 15976] [AssetManager] Adding asset 'Scissio Core Mod/model_asteroid_01_meta'
[2021-10-31 22:16:16 +01:00] [debug] [thread 15976] [AssetManager] Loading asset 'Scissio Core Mod/iosevka-aile'
[2021-10-31 22:16:16 +01:00] [debug] [thread 15976] [AssetManager] Loading asset 'Scissio Core Mod/iosevka-aile-bold'
[2021-10-31 22:16:16 +01:00] [debug] [thread 15976] [AssetManager] Loading asset 'Scissio Core Mod/model_block_01_hepta'
[2021-10-31 22:16:16 +01:00] [debug] [thread 15976] [AssetManager] Loading asset 'Scissio Core Mod/iosevka-aile-bolditalic'
[2021-10-31 22:16:16 +01:00] [debug] [thread 15976] [AssetManager] Loading asset 'Scissio Core Mod/model_engine_02'
[2021-10-31 22:16:16 +01:00] [debug] [thread 15976] [AssetManager] Adding asset 'Scissio Core Mod/pallete_01_diff'
[2021-10-31 22:16:16 +01:00] [debug] [thread 15976] [AssetManager] Adding asset 'Scissio Core Mod/pallete_01_norm'
[2021-10-31 22:16:16 +01:00] [debug] [thread 15976] [AssetManager] Adding asset 'Scissio Core Mod/pallete_01_meta'
[2021-10-31 22:16:16 +01:00] [debug] [thread 15976] [AssetManager] Loading asset 'Scissio Core Mod/iosevka-aile-regularitalic'
[2021-10-31 22:16:16 +01:00] [debug] [thread 15976] [AssetManager] Loading asset 'Scissio Core Mod/iosevka-aile-regular'
[2021-10-31 22:16:16 +01:00] [debug] [thread 15976] [AssetManager] Loading asset 'Scissio Core Mod/iosevka-aile-light'
[2021-10-31 22:16:16 +01:00] [debug] [thread 15976] [AssetManager] Loading asset 'Scissio Core Mod/iosevka-aile-lightitalic'
[2021-10-31 22:16:16 +01:00] [debug] [thread 15976] [AssetManager] Loading asset 'Scissio Core Mod/iosevka-aile-semibold'
[2021-10-31 22:16:16 +01:00] [debug] [thread 15976] [AssetManager] Loading asset 'Scissio Core Mod/iosevka-aile-semibolditalic'
[2021-10-31 22:16:16 +01:00] [debug] [thread 15976] [AssetManager] Loading asset 'Scissio Core Mod/iosevka-aile-thin'
[2021-10-31 22:16:16 +01:00] [debug] [thread 15976] [AssetManager] Loading asset 'Scissio Core Mod/iosevka-aile-thinitalic'
[2021-10-31 22:16:16 +01:00] [debug] [thread 15976] [AssetManager] Loading asset 'Scissio Core Mod/model_asteroid_01_a'
[2021-10-31 22:16:16 +01:00] [debug] [thread 15976] [AssetManager] Loading asset 'Scissio Core Mod/model_asteroid_01_c'
[2021-10-31 22:16:16 +01:00] [debug] [thread 15976] [AssetManager] Loading asset 'Scissio Core Mod/model_asteroid_01_d'
[2021-10-31 22:16:16 +01:00] [debug] [thread 15976] [AssetManager] Loading asset 'Scissio Core Mod/model_asteroid_01_e'
[2021-10-31 22:16:16 +01:00] [debug] [thread 15976] [AssetManager] Loading asset 'Scissio Core Mod/model_asteroid_01_f'
[2021-10-31 22:16:16 +01:00] [debug] [thread 15976] [AssetManager] Loading asset 'Scissio Core Mod/model_asteroid_01_g'
[2021-10-31 22:16:16 +01:00] [debug] [thread 15976] [AssetManager] Loading asset 'Scissio Core Mod/model_asteroid_01_h'
[2021-10-31 22:16:16 +01:00] [debug] [thread 15976] [AssetManager] Loading asset 'Scissio Core Mod/model_block_01_corner'
[2021-10-31 22:16:16 +01:00] [debug] [thread 15976] [AssetManager] Loading asset 'Scissio Core Mod/star_dust'
[2021-10-31 22:16:16 +01:00] [debug] [thread 15976] [AssetManager] Loading asset 'Scissio Core Mod/model_block_01_cube'
[2021-10-31 22:16:16 +01:00] [debug] [thread 15976] [AssetManager] Loading asset 'Scissio Core Mod/model_block_01_wedge'
[2021-10-31 22:16:16 +01:00] [debug] [thread 15976] [AssetManager] Loading asset 'Scissio Core Mod/model_engine_01'
[2021-10-31 22:16:16 +01:00] [debug] [thread 15976] [AssetManager] Loading asset 'Scissio Core Mod/model_engine_03'
[2021-10-31 22:16:16 +01:00] [debug] [thread 15976] [AssetManager] Loading asset 'Scissio Core Mod/star_flare'
[2021-10-31 22:16:16 +01:00] [info] [thread 23028] [Database] Opening database: C:\Users\Matus\AppData\Roaming\Scissio\Saves\Universe\database
[2021-10-31 22:16:16 +01:00] [info] [thread 23028] [NetworkServer] Network server asio service started!
[2021-10-31 22:16:16 +01:00] [info] [thread 23028] [NetworkTcpAcceptor] Network TCP acceptor started on: [::]:22443
[2021-10-31 22:16:16 +01:00] [info] [thread 23028] [NetworkClient] AbstractClient network asio service started!
[2021-10-31 22:16:16 +01:00] [info] [thread 8452] [Server] Starting tick
[2021-10-31 22:16:16 +01:00] [info] [thread 14152] [NetworkTcpStream] New TCP connection from: [::1]:61749
[2021-10-31 22:16:16 +01:00] [info] [thread 23028] [NetworkTcpStream] New TCP connection from: [::1]:22443
[2021-10-31 22:16:16 +01:00] [info] [thread 15532] [Server] Adding new connection to lobby: 0x224a578b090
[2021-10-31 22:16:16 +01:00] [info] [thread 23228] [Server] Logging in player uid: 5835058660273433666
[2021-10-31 22:16:18 +01:00] [warning] [thread 3172] [NetworkClient] AbstractClient network asio service stopped!
[2021-10-31 22:16:18 +01:00] [info] [thread 15976] [Server] Stopping tick
[2021-10-31 22:16:18 +01:00] [error] [thread 14152] [NetworkTcpStream] Network TCP stream async_read_some error: An existing connection was forcibly closed by the remote host.
[2021-10-31 22:16:18 +01:00] [info] [thread 8452] [Server] Stopped tick
[2021-10-31 22:16:18 +01:00] [warning] [thread 14152] [NetworkServer] Network server asio service stopped!
[2021-10-31 22:16:18 +01:00] [info] [thread 15976] [Database] Closing database
